2020-07-16 18:48:40,879 INFO o.a.j.u.JMeterUtils: Setting Locale to es_ES
2020-07-16 18:48:40,896 INFO o.a.j.u.JMeterUtils: Could not find resources for 'es_ES', using 'es'
2020-07-16 18:48:40,897 INFO o.a.j.JMeter: Loading user properties from: /home/usuario/Descargas/apache-jmeter-5.3/bin/user.properties
2020-07-16 18:48:40,897 INFO o.a.j.JMeter: Loading system properties from: /home/usuario/Descargas/apache-jmeter-5.3/bin/system.properties
2020-07-16 18:48:40,897 INFO o.a.j.JMeter: Setting JMeter property: jmeter.save.saveservice.output_format=xml
2020-07-16 18:48:40,899 INFO o.a.j.JMeter: Copyright (c) 1998-2020 The Apache Software Foundation
2020-07-16 18:48:40,899 INFO o.a.j.JMeter: Version 5.3
2020-07-16 18:48:40,899 INFO o.a.j.JMeter: java.version=1.8.0_252
2020-07-16 18:48:40,899 INFO o.a.j.JMeter: java.vm.name=OpenJDK 64-Bit Server VM
2020-07-16 18:48:40,899 INFO o.a.j.JMeter: os.name=Linux
2020-07-16 18:48:40,899 INFO o.a.j.JMeter: os.arch=amd64
2020-07-16 18:48:40,899 INFO o.a.j.JMeter: os.version=5.4.0-40-generic
2020-07-16 18:48:40,899 INFO o.a.j.JMeter: file.encoding=UTF-8
2020-07-16 18:48:40,899 INFO o.a.j.JMeter: java.awt.headless=true
2020-07-16 18:48:40,899 INFO o.a.j.JMeter: Max memory     =2897215488
2020-07-16 18:48:40,899 INFO o.a.j.JMeter: Available Processors =4
2020-07-16 18:48:40,906 INFO o.a.j.JMeter: Default Locale=espa単ol (Espa単a)
2020-07-16 18:48:40,906 INFO o.a.j.JMeter: JMeter  Locale=espa単ol (Espa単a)
2020-07-16 18:48:40,907 INFO o.a.j.JMeter: JMeterHome=/home/usuario/Descargas/apache-jmeter-5.3
2020-07-16 18:48:40,907 INFO o.a.j.JMeter: user.dir  =/home/usuario/proyectos/jmeter
2020-07-16 18:48:40,907 INFO o.a.j.JMeter: PWD       =/home/usuario/proyectos/jmeter
2020-07-16 18:48:40,914 INFO o.a.j.JMeter: IP: 10.0.2.15 Name: nodo FullName: nodo
2020-07-16 18:48:40,919 INFO o.a.j.s.FileServer: Default base='/home/usuario/proyectos/jmeter'
2020-07-16 18:48:40,923 INFO o.a.j.s.FileServer: Set new base='/home/usuario/proyectos/jmeter'
2020-07-16 18:48:41,050 INFO o.a.j.s.SaveService: Testplan (JMX) version: 2.2. Testlog (JTL) version: 2.2
2020-07-16 18:48:41,068 INFO o.a.j.s.SaveService: Using SaveService properties file encoding UTF-8
2020-07-16 18:48:41,072 INFO o.a.j.s.SaveService: Using SaveService properties version 5.0
2020-07-16 18:48:41,079 INFO o.a.j.s.SaveService: Loading file: Ir al website del login.jmx
2020-07-16 18:48:41,120 INFO o.a.j.p.h.c.CookieManager: Settings: Delete null: true Check: true Allow variable: true Save: false Prefix: COOKIE_
2020-07-16 18:48:41,132 INFO o.a.j.p.h.s.HTTPSamplerBase: Parser for text/html is org.apache.jmeter.protocol.http.parser.LagartoBasedHtmlParser
2020-07-16 18:48:41,132 INFO o.a.j.p.h.s.HTTPSamplerBase: Parser for application/xhtml+xml is org.apache.jmeter.protocol.http.parser.LagartoBasedHtmlParser
2020-07-16 18:48:41,132 INFO o.a.j.p.h.s.HTTPSamplerBase: Parser for application/xml is org.apache.jmeter.protocol.http.parser.LagartoBasedHtmlParser
2020-07-16 18:48:41,132 INFO o.a.j.p.h.s.HTTPSamplerBase: Parser for text/xml is org.apache.jmeter.protocol.http.parser.LagartoBasedHtmlParser
2020-07-16 18:48:41,132 INFO o.a.j.p.h.s.HTTPSamplerBase: Parser for text/vnd.wap.wml is org.apache.jmeter.protocol.http.parser.RegexpHTMLParser
2020-07-16 18:48:41,132 INFO o.a.j.p.h.s.HTTPSamplerBase: Parser for text/css is org.apache.jmeter.protocol.http.parser.CssParser
2020-07-16 18:48:41,179 INFO o.a.j.JMeter: Creating summariser <summary>
2020-07-16 18:48:41,185 INFO o.a.j.e.StandardJMeterEngine: Running the test!
2020-07-16 18:48:41,186 INFO o.a.j.s.SampleEvent: List of sample_variables: []
2020-07-16 18:48:41,186 INFO o.a.j.s.SampleEvent: List of sample_variables: []
2020-07-16 18:48:41,195 INFO o.a.j.e.u.CompoundVariable: Note: Function class names must contain the string: '.functions.'
2020-07-16 18:48:41,195 INFO o.a.j.e.u.CompoundVariable: Note: Function class names must not contain the string: '.gui.'
2020-07-16 18:48:41,582 INFO o.a.j.JMeter: Test lanzado (1594918121582)
2020-07-16 18:48:41,642 INFO o.a.j.e.StandardJMeterEngine: Starting ThreadGroup: 1 : Usuarios
2020-07-16 18:48:41,642 INFO o.a.j.e.StandardJMeterEngine: Starting 2 threads for group Usuarios.
2020-07-16 18:48:41,643 INFO o.a.j.e.StandardJMeterEngine: Thread will continue on error
2020-07-16 18:48:41,643 INFO o.a.j.t.ThreadGroup: Starting thread group... number=1 threads=2 ramp-up=10 delayedStart=false
2020-07-16 18:48:41,649 INFO o.a.j.t.ThreadGroup: Started thread group number 1
2020-07-16 18:48:41,649 INFO o.a.j.e.StandardJMeterEngine: All thread groups have been started
2020-07-16 18:48:41,653 INFO o.a.j.t.JMeterThread: Thread started: Usuarios 1-1
2020-07-16 18:48:43,340 INFO o.a.j.p.h.s.HTTPHCAbstractImpl: Local host = nodo
2020-07-16 18:48:43,346 INFO o.a.j.p.h.s.HTTPHC4Impl: HTTP request retry count = 0
2020-07-16 18:48:43,348 INFO o.a.j.s.SampleResult: Note: Sample TimeStamps are START times
2020-07-16 18:48:43,348 INFO o.a.j.s.SampleResult: sampleresult.default.encoding is set to ISO-8859-1
2020-07-16 18:48:43,348 INFO o.a.j.s.SampleResult: sampleresult.useNanoTime=true
2020-07-16 18:48:43,348 INFO o.a.j.s.SampleResult: sampleresult.nanoThreadSleep=5000
2020-07-16 18:48:46,650 INFO o.a.j.t.JMeterThread: Thread started: Usuarios 1-2
2020-07-16 18:49:01,326 INFO o.a.j.r.Summariser: summary +     18 in 00:00:20 =    0,9/s Avg:   270 Min:   179 Max:   536 Err:     0 (0,00%) Active: 2 Started: 2 Finished: 0
2020-07-16 18:49:08,850 INFO o.a.j.t.JMeterThread: Thread is done: Usuarios 1-1
2020-07-16 18:49:08,850 INFO o.a.j.t.JMeterThread: Thread finished: Usuarios 1-1
2020-07-16 18:49:13,170 INFO o.a.j.t.JMeterThread: Thread is done: Usuarios 1-2
2020-07-16 18:49:13,170 INFO o.a.j.t.JMeterThread: Thread finished: Usuarios 1-2
2020-07-16 18:49:13,170 INFO o.a.j.e.StandardJMeterEngine: Notifying test listeners of end of test
2020-07-16 18:49:13,171 INFO o.a.j.r.Summariser: summary +     12 in 00:00:12 =    1,0/s Avg:   240 Min:   179 Max:   362 Err:     0 (0,00%) Active: 0 Started: 2 Finished: 2
2020-07-16 18:49:13,171 INFO o.a.j.r.Summariser: summary =     30 in 00:00:32 =    0,9/s Avg:   258 Min:   179 Max:   536 Err:     0 (0,00%)
