1593619676330	mozrunner::runner	INFO	Running command: "/usr/bin/firefox" "-marionette" "-headless" "-foreground" "-no-remote" "-profile" "/tmp/rust_mozprofileZ4vcaq"
*** You are running in headless mode.
1593619679129	Marionette	INFO	Listening on port 38091
1593619679163	Marionette	WARN	TLS certificate errors will be ignored for this session
1593619700427	mozrunner::runner	INFO	Running command: "/usr/bin/firefox" "-marionette" "-foreground" "-no-remote" "-profile" "/tmp/rust_mozprofileguVl81"
1593619703528	Marionette	INFO	Listening on port 37949
1593619703551	Marionette	WARN	TLS certificate errors will be ignored for this session
JavaScript warning: http://testing-ground.scraping.pro/js/vendor/jquery-1.9.1.min.js, line 2: Using //@ to indicate sourceMappingURL pragmas is deprecated. Use //# instead
1593619721253	Marionette	INFO	Stopped listening on port 37949
1593619723607	mozrunner::runner	INFO	Running command: "/usr/bin/firefox" "-marionette" "-foreground" "-no-remote" "-profile" "/tmp/rust_mozprofileuOAxba"
1593619726792	Marionette	INFO	Listening on port 45261
1593619726852	Marionette	WARN	TLS certificate errors will be ignored for this session
JavaScript warning: http://testing-ground.scraping.pro/js/vendor/jquery-1.9.1.min.js, line 2: Using //@ to indicate sourceMappingURL pragmas is deprecated. Use //# instead
JavaScript warning: http://testing-ground.scraping.pro/js/vendor/jquery-1.9.1.min.js, line 2: Using //@ to indicate sourceMappingURL pragmas is deprecated. Use //# instead
1593619734190	Marionette	INFO	Stopped listening on port 45261
1593619961639	mozrunner::runner	INFO	Running command: "/usr/bin/firefox" "-marionette" "-foreground" "-no-remote" "-profile" "/tmp/rust_mozprofileYmMp3I"
1593619964771	Marionette	INFO	Listening on port 42367
1593619964858	Marionette	WARN	TLS certificate errors will be ignored for this session
JavaScript warning: http://testing-ground.scraping.pro/js/vendor/jquery-1.9.1.min.js, line 2: Using //@ to indicate sourceMappingURL pragmas is deprecated. Use //# instead
JavaScript warning: http://testing-ground.scraping.pro/js/vendor/jquery-1.9.1.min.js, line 2: Using //@ to indicate sourceMappingURL pragmas is deprecated. Use //# instead
1593619972534	Marionette	INFO	Stopped listening on port 42367
1593620093816	mozrunner::runner	INFO	Running command: "/usr/bin/firefox" "-marionette" "-foreground" "-no-remote" "-profile" "/tmp/rust_mozprofileHxaXI9"
1593620097062	Marionette	INFO	Listening on port 32829
1593620097155	Marionette	WARN	TLS certificate errors will be ignored for this session
JavaScript warning: http://testing-ground.scraping.pro/js/vendor/jquery-1.9.1.min.js, line 2: Using //@ to indicate sourceMappingURL pragmas is deprecated. Use //# instead
JavaScript warning: http://testing-ground.scraping.pro/js/vendor/jquery-1.9.1.min.js, line 2: Using //@ to indicate sourceMappingURL pragmas is deprecated. Use //# instead
1593620104788	Marionette	INFO	Stopped listening on port 32829
1593620142372	mozrunner::runner	INFO	Running command: "/usr/bin/firefox" "-marionette" "-headless" "-foreground" "-no-remote" "-profile" "/tmp/rust_mozprofilelykvkU"
*** You are running in headless mode.
1593620145116	Marionette	INFO	Listening on port 35403
1593620145193	Marionette	WARN	TLS certificate errors will be ignored for this session
JavaScript warning: http://testing-ground.scraping.pro/js/vendor/jquery-1.9.1.min.js, line 2: Using //@ to indicate sourceMappingURL pragmas is deprecated. Use //# instead
JavaScript warning: http://testing-ground.scraping.pro/js/vendor/jquery-1.9.1.min.js, line 2: Using //@ to indicate sourceMappingURL pragmas is deprecated. Use //# instead
1593620149691	Marionette	INFO	Stopped listening on port 35403
1593620208612	mozrunner::runner	INFO	Running command: "/usr/bin/firefox" "-marionette" "-headless" "-foreground" "-no-remote" "-profile" "/tmp/rust_mozprofileXS0a0O"
*** You are running in headless mode.
1593620211460	Marionette	INFO	Listening on port 39501
1593620211543	Marionette	WARN	TLS certificate errors will be ignored for this session
JavaScript error: resource://gre/modules/URIFixup.jsm, line 203: NS_ERROR_FAILURE: Should pass a non-null uri
JavaScript warning: http://testing-ground.scraping.pro/js/vendor/jquery-1.9.1.min.js, line 2: Using //@ to indicate sourceMappingURL pragmas is deprecated. Use //# instead
JavaScript warning: http://testing-ground.scraping.pro/js/vendor/jquery-1.9.1.min.js, line 2: Using //@ to indicate sourceMappingURL pragmas is deprecated. Use //# instead
1593620216073	Marionette	INFO	Stopped listening on port 39501
1593620233818	mozrunner::runner	INFO	Running command: "/usr/bin/firefox" "-marionette" "-headless" "-foreground" "-no-remote" "-profile" "/tmp/rust_mozprofilenggkz8"
*** You are running in headless mode.
1593620236649	Marionette	INFO	Listening on port 43461
1593620236729	Marionette	WARN	TLS certificate errors will be ignored for this session
JavaScript error: resource://gre/modules/URIFixup.jsm, line 203: NS_ERROR_FAILURE: Should pass a non-null uri
JavaScript warning: http://testing-ground.scraping.pro/js/vendor/jquery-1.9.1.min.js, line 2: Using //@ to indicate sourceMappingURL pragmas is deprecated. Use //# instead
JavaScript warning: http://testing-ground.scraping.pro/js/vendor/jquery-1.9.1.min.js, line 2: Using //@ to indicate sourceMappingURL pragmas is deprecated. Use //# instead
1593620241236	Marionette	INFO	Stopped listening on port 43461
1593621185623	mozrunner::runner	INFO	Running command: "/usr/bin/firefox" "-marionette" "-headless" "-foreground" "-no-remote" "-profile" "/tmp/rust_mozprofileNPPj1h"
*** You are running in headless mode.
1593621188562	Marionette	INFO	Listening on port 42661
1593621188640	Marionette	WARN	TLS certificate errors will be ignored for this session
JavaScript error: resource://gre/modules/URIFixup.jsm, line 203: NS_ERROR_FAILURE: Should pass a non-null uri
JavaScript warning: http://testing-ground.scraping.pro/js/vendor/jquery-1.9.1.min.js, line 2: Using //@ to indicate sourceMappingURL pragmas is deprecated. Use //# instead
JavaScript warning: http://testing-ground.scraping.pro/js/vendor/jquery-1.9.1.min.js, line 2: Using //@ to indicate sourceMappingURL pragmas is deprecated. Use //# instead
1593621208202	mozrunner::runner	INFO	Running command: "/usr/bin/firefox" "-marionette" "-headless" "-foreground" "-no-remote" "-profile" "/tmp/rust_mozprofileNvfUJc"
*** You are running in headless mode.
1593621211023	Marionette	INFO	Listening on port 38511
1593621211116	Marionette	WARN	TLS certificate errors will be ignored for this session
JavaScript error: resource://gre/modules/URIFixup.jsm, line 203: NS_ERROR_FAILURE: Should pass a non-null uri
JavaScript warning: http://testing-ground.scraping.pro/js/vendor/jquery-1.9.1.min.js, line 2: Using //@ to indicate sourceMappingURL pragmas is deprecated. Use //# instead
JavaScript warning: http://testing-ground.scraping.pro/js/vendor/jquery-1.9.1.min.js, line 2: Using //@ to indicate sourceMappingURL pragmas is deprecated. Use //# instead
1593621215941	Marionette	INFO	Stopped listening on port 38511
1593621235948	mozrunner::runner	INFO	Running command: "/usr/bin/firefox" "-marionette" "-headless" "-foreground" "-no-remote" "-profile" "/tmp/rust_mozprofileFxEC7k"
*** You are running in headless mode.
1593621238792	Marionette	INFO	Listening on port 34425
1593621238871	Marionette	WARN	TLS certificate errors will be ignored for this session
JavaScript error: resource://gre/modules/URIFixup.jsm, line 203: NS_ERROR_FAILURE: Should pass a non-null uri
JavaScript warning: http://testing-ground.scraping.pro/js/vendor/jquery-1.9.1.min.js, line 2: Using //@ to indicate sourceMappingURL pragmas is deprecated. Use //# instead
JavaScript warning: http://testing-ground.scraping.pro/js/vendor/jquery-1.9.1.min.js, line 2: Using //@ to indicate sourceMappingURL pragmas is deprecated. Use //# instead
1593621243738	Marionette	INFO	Stopped listening on port 34425
1593621270748	mozrunner::runner	INFO	Running command: "/usr/bin/firefox" "-marionette" "-foreground" "-no-remote" "-profile" "/tmp/rust_mozprofileQrzGRi"
1593621273753	Marionette	INFO	Listening on port 40367
1593621273774	Marionette	WARN	TLS certificate errors will be ignored for this session
JavaScript error: resource://gre/modules/URIFixup.jsm, line 203: NS_ERROR_FAILURE: Should pass a non-null uri
JavaScript warning: http://testing-ground.scraping.pro/js/vendor/jquery-1.9.1.min.js, line 2: Using //@ to indicate sourceMappingURL pragmas is deprecated. Use //# instead
JavaScript warning: http://testing-ground.scraping.pro/js/vendor/jquery-1.9.1.min.js, line 2: Using //@ to indicate sourceMappingURL pragmas is deprecated. Use //# instead
1593621278647	Marionette	INFO	Stopped listening on port 40367
1593621505030	mozrunner::runner	INFO	Running command: "/usr/bin/firefox" "-marionette" "-foreground" "-no-remote" "-profile" "/tmp/rust_mozprofileQ1xHSO"
1593621508083	Marionette	INFO	Listening on port 44283
1593621508158	Marionette	WARN	TLS certificate errors will be ignored for this session
JavaScript error: resource://gre/modules/URIFixup.jsm, line 203: NS_ERROR_FAILURE: Should pass a non-null uri
JavaScript warning: http://testing-ground.scraping.pro/js/vendor/jquery-1.9.1.min.js, line 2: Using //@ to indicate sourceMappingURL pragmas is deprecated. Use //# instead
1593621510092	Marionette	WARN	TimedPromise timed out after 0 ms: stacktrace:
TimedPromise/<@chrome://marionette/content/sync.js:245:13
TimedPromise@chrome://marionette/content/sync.js:230:10
Sleep@chrome://marionette/content/sync.js:283:10
dispatchPause@chrome://marionette/content/action.js:1482:10
toEvents/<@chrome://marionette/content/action.js:1156:16
action.dispatchTickActions@chrome://marionette/content/action.js:1060:35
action.dispatch/chainEvents<@chrome://marionette/content/action.js:1028:20
action.dispatch@chrome://marionette/content/action.js:1034:5
performActions@chrome://marionette/content/listener.js:853:16
dispatch/</req<@chrome://marionette/content/listener.js:527:14
dispatch/<@chrome://marionette/content/listener.js:520:15
JavaScript warning: http://testing-ground.scraping.pro/js/vendor/jquery-1.9.1.min.js, line 2: Using //@ to indicate sourceMappingURL pragmas is deprecated. Use //# instead
1593621513535	Marionette	INFO	Stopped listening on port 44283
1593621589476	mozrunner::runner	INFO	Running command: "/usr/bin/firefox" "-marionette" "-foreground" "-no-remote" "-profile" "/tmp/rust_mozprofileLOd2jX"
1593621592753	Marionette	INFO	Listening on port 38387
1593621592799	Marionette	WARN	TLS certificate errors will be ignored for this session
JavaScript error: resource://gre/modules/URIFixup.jsm, line 203: NS_ERROR_FAILURE: Should pass a non-null uri
JavaScript warning: http://testing-ground.scraping.pro/js/vendor/jquery-1.9.1.min.js, line 2: Using //@ to indicate sourceMappingURL pragmas is deprecated. Use //# instead
1593621603294	Marionette	INFO	Stopped listening on port 38387
1593621609140	mozrunner::runner	INFO	Running command: "/usr/bin/firefox" "-marionette" "-foreground" "-no-remote" "-profile" "/tmp/rust_mozprofileZ8SHQY"
1593621612317	Marionette	INFO	Listening on port 38641
1593621612363	Marionette	WARN	TLS certificate errors will be ignored for this session
JavaScript error: resource://gre/modules/URIFixup.jsm, line 203: NS_ERROR_FAILURE: Should pass a non-null uri
JavaScript warning: http://testing-ground.scraping.pro/js/vendor/jquery-1.9.1.min.js, line 2: Using //@ to indicate sourceMappingURL pragmas is deprecated. Use //# instead
JavaScript warning: http://testing-ground.scraping.pro/js/vendor/jquery-1.9.1.min.js, line 2: Using //@ to indicate sourceMappingURL pragmas is deprecated. Use //# instead
1593621617293	Marionette	INFO	Stopped listening on port 38641
1593621833536	mozrunner::runner	INFO	Running command: "/usr/bin/firefox" "-marionette" "-foreground" "-no-remote" "-profile" "/tmp/rust_mozprofileKIfnb9"
1593621836655	Marionette	INFO	Listening on port 43691
1593621836774	Marionette	WARN	TLS certificate errors will be ignored for this session
JavaScript error: resource://gre/modules/URIFixup.jsm, line 203: NS_ERROR_FAILURE: Should pass a non-null uri
JavaScript warning: http://testing-ground.scraping.pro/js/vendor/jquery-1.9.1.min.js, line 2: Using //@ to indicate sourceMappingURL pragmas is deprecated. Use //# instead
JavaScript warning: http://testing-ground.scraping.pro/js/vendor/jquery-1.9.1.min.js, line 2: Using //@ to indicate sourceMappingURL pragmas is deprecated. Use //# instead
1593621842080	Marionette	INFO	Stopped listening on port 43691
1593622105301	mozrunner::runner	INFO	Running command: "/usr/bin/firefox" "-marionette" "-foreground" "-no-remote" "-profile" "/tmp/rust_mozprofileJ4YtfU"
1593622108552	Marionette	INFO	Listening on port 43769
1593622108619	Marionette	WARN	TLS certificate errors will be ignored for this session
JavaScript error: resource://gre/modules/URIFixup.jsm, line 203: NS_ERROR_FAILURE: Should pass a non-null uri
JavaScript warning: http://testing-ground.scraping.pro/js/vendor/jquery-1.9.1.min.js, line 2: Using //@ to indicate sourceMappingURL pragmas is deprecated. Use //# instead
JavaScript warning: http://testing-ground.scraping.pro/js/vendor/jquery-1.9.1.min.js, line 2: Using //@ to indicate sourceMappingURL pragmas is deprecated. Use //# instead
1593622114924	Marionette	INFO	Stopped listening on port 43769
1593626704820	mozrunner::runner	INFO	Running command: "/usr/bin/firefox" "-marionette" "-foreground" "-no-remote" "-profile" "/tmp/rust_mozprofile6w7ioz"
1593626708375	Marionette	INFO	Listening on port 45555
1593626708441	Marionette	WARN	TLS certificate errors will be ignored for this session
JavaScript error: resource://gre/modules/URIFixup.jsm, line 203: NS_ERROR_FAILURE: Should pass a non-null uri
1593626710014	Marionette	INFO	Stopped listening on port 45555
1593626716656	mozrunner::runner	INFO	Running command: "/usr/bin/firefox" "-marionette" "-foreground" "-no-remote" "-profile" "/tmp/rust_mozprofileTj3SUM"
1593626720320	Marionette	INFO	Listening on port 46819
1593626720375	Marionette	WARN	TLS certificate errors will be ignored for this session
JavaScript error: resource://gre/modules/URIFixup.jsm, line 203: NS_ERROR_FAILURE: Should pass a non-null uri
1593626721730	Marionette	INFO	Stopped listening on port 46819
1593626805851	mozrunner::runner	INFO	Running command: "/usr/bin/firefox" "-marionette" "-foreground" "-no-remote" "-profile" "/tmp/rust_mozprofile3AiX0I"
1593626809812	Marionette	INFO	Listening on port 40475
1593626809892	Marionette	WARN	TLS certificate errors will be ignored for this session
JavaScript error: resource://gre/modules/URIFixup.jsm, line 203: NS_ERROR_FAILURE: Should pass a non-null uri
1593626816264	Marionette	INFO	Stopped listening on port 40475
1593627155045	mozrunner::runner	INFO	Running command: "/usr/bin/firefox" "-marionette" "-foreground" "-no-remote" "-profile" "/tmp/rust_mozprofileuuIF7z"
1593627158622	Marionette	INFO	Listening on port 32883
1593627158685	Marionette	WARN	TLS certificate errors will be ignored for this session
JavaScript error: resource://gre/modules/URIFixup.jsm, line 203: NS_ERROR_FAILURE: Should pass a non-null uri
1593627163666	Marionette	INFO	Stopped listening on port 32883
1593627194963	mozrunner::runner	INFO	Running command: "/usr/bin/firefox" "-marionette" "-foreground" "-no-remote" "-profile" "/tmp/rust_mozprofileRVqFPf"
1593627198358	Marionette	INFO	Listening on port 42303
1593627198413	Marionette	WARN	TLS certificate errors will be ignored for this session
JavaScript error: resource://gre/modules/URIFixup.jsm, line 203: NS_ERROR_FAILURE: Should pass a non-null uri
1593627234503	mozrunner::runner	INFO	Running command: "/usr/bin/firefox" "-marionette" "-foreground" "-no-remote" "-profile" "/tmp/rust_mozprofilesK5LMR"
1593627238062	Marionette	INFO	Listening on port 45975
1593627238132	Marionette	WARN	TLS certificate errors will be ignored for this session
JavaScript error: resource://gre/modules/URIFixup.jsm, line 203: NS_ERROR_FAILURE: Should pass a non-null uri
1593627246665	Marionette	INFO	Stopped listening on port 45975
1593627250734	mozrunner::runner	INFO	Running command: "/usr/bin/firefox" "-marionette" "-foreground" "-no-remote" "-profile" "/tmp/rust_mozprofileug4vhB"
1593627254410	Marionette	INFO	Listening on port 43487
1593627254486	Marionette	WARN	TLS certificate errors will be ignored for this session
JavaScript error: resource://gre/modules/URIFixup.jsm, line 203: NS_ERROR_FAILURE: Should pass a non-null uri
1593627263281	Marionette	INFO	Stopped listening on port 43487
1593627394477	mozrunner::runner	INFO	Running command: "/usr/bin/firefox" "-marionette" "-foreground" "-no-remote" "-profile" "/tmp/rust_mozprofilezGEylA"
1593627398591	Marionette	INFO	Listening on port 44425
1593627398625	Marionette	WARN	TLS certificate errors will be ignored for this session
JavaScript error: resource://gre/modules/URIFixup.jsm, line 203: NS_ERROR_FAILURE: Should pass a non-null uri
1593627406829	Marionette	INFO	Stopped listening on port 44425
1593627564453	mozrunner::runner	INFO	Running command: "/usr/bin/firefox" "-marionette" "-headless" "-foreground" "-no-remote" "-profile" "/tmp/rust_mozprofileuTQ99l"
*** You are running in headless mode.
1593627567752	Marionette	INFO	Listening on port 39139
1593627567772	Marionette	WARN	TLS certificate errors will be ignored for this session
JavaScript error: resource://gre/modules/URIFixup.jsm, line 203: NS_ERROR_FAILURE: Should pass a non-null uri
1593627575846	Marionette	INFO	Stopped listening on port 39139
1593627618525	mozrunner::runner	INFO	Running command: "/usr/bin/firefox" "-marionette" "-foreground" "-no-remote" "-profile" "/tmp/rust_mozprofilezrb3XN"
1593627622193	Marionette	INFO	Listening on port 42533
1593627622263	Marionette	WARN	TLS certificate errors will be ignored for this session
JavaScript error: resource://gre/modules/URIFixup.jsm, line 203: NS_ERROR_FAILURE: Should pass a non-null uri
1593627631518	Marionette	INFO	Stopped listening on port 42533
1593627648837	mozrunner::runner	INFO	Running command: "/usr/bin/firefox" "-marionette" "-headless" "-foreground" "-no-remote" "-profile" "/tmp/rust_mozprofileHI5EHc"
*** You are running in headless mode.
1593627652161	Marionette	INFO	Listening on port 41855
1593627652256	Marionette	WARN	TLS certificate errors will be ignored for this session
JavaScript error: resource://gre/modules/URIFixup.jsm, line 203: NS_ERROR_FAILURE: Should pass a non-null uri
1593627655093	Marionette	INFO	Stopped listening on port 41855

###!!! [Child][RunMessage] Error: Channel closing: too late to send/recv, messages will be lost

1593629905984	mozrunner::runner	INFO	Running command: "/usr/bin/firefox" "-marionette" "-headless" "-foreground" "-no-remote" "-profile" "/tmp/rust_mozprofileVACODU"
*** You are running in headless mode.
1593629909507	Marionette	INFO	Listening on port 37477
1593629909625	Marionette	WARN	TLS certificate errors will be ignored for this session
JavaScript error: resource://gre/modules/URIFixup.jsm, line 203: NS_ERROR_FAILURE: Should pass a non-null uri
JavaScript warning: http://testing-ground.scraping.pro/js/vendor/jquery-1.9.1.min.js, line 2: Using //@ to indicate sourceMappingURL pragmas is deprecated. Use //# instead
JavaScript warning: http://testing-ground.scraping.pro/js/vendor/jquery-1.9.1.min.js, line 2: Using //@ to indicate sourceMappingURL pragmas is deprecated. Use //# instead
1593629911925	Marionette	INFO	Stopped listening on port 37477
1593629925171	mozrunner::runner	INFO	Running command: "/usr/bin/firefox" "-marionette" "-headless" "-foreground" "-no-remote" "-profile" "/tmp/rust_mozprofile85gx1S"
*** You are running in headless mode.
1593629928815	Marionette	INFO	Listening on port 33029
1593629928906	Marionette	WARN	TLS certificate errors will be ignored for this session
JavaScript error: resource://gre/modules/URIFixup.jsm, line 203: NS_ERROR_FAILURE: Should pass a non-null uri
JavaScript warning: http://testing-ground.scraping.pro/js/vendor/jquery-1.9.1.min.js, line 2: Using //@ to indicate sourceMappingURL pragmas is deprecated. Use //# instead
JavaScript warning: http://testing-ground.scraping.pro/js/vendor/jquery-1.9.1.min.js, line 2: Using //@ to indicate sourceMappingURL pragmas is deprecated. Use //# instead
1593629931100	Marionette	INFO	Stopped listening on port 33029
1593630459587	mozrunner::runner	INFO	Running command: "/usr/bin/firefox" "-marionette" "-headless" "-foreground" "-no-remote" "-profile" "/tmp/rust_mozprofilenRw6xh"
*** You are running in headless mode.
1593630463043	Marionette	INFO	Listening on port 39831
1593630463121	Marionette	WARN	TLS certificate errors will be ignored for this session
JavaScript error: resource://gre/modules/URIFixup.jsm, line 203: NS_ERROR_FAILURE: Should pass a non-null uri
JavaScript warning: http://testing-ground.scraping.pro/js/vendor/jquery-1.9.1.min.js, line 2: Using //@ to indicate sourceMappingURL pragmas is deprecated. Use //# instead
JavaScript warning: http://testing-ground.scraping.pro/js/vendor/jquery-1.9.1.min.js, line 2: Using //@ to indicate sourceMappingURL pragmas is deprecated. Use //# instead
1593630465383	Marionette	INFO	Stopped listening on port 39831
1593630466075	mozrunner::runner	INFO	Running command: "/usr/bin/firefox" "-marionette" "-headless" "-foreground" "-no-remote" "-profile" "/tmp/rust_mozprofile9uHj5R"
*** You are running in headless mode.
1593630469413	Marionette	INFO	Listening on port 41423
1593630469509	Marionette	WARN	TLS certificate errors will be ignored for this session
JavaScript error: resource://gre/modules/URIFixup.jsm, line 203: NS_ERROR_FAILURE: Should pass a non-null uri
JavaScript warning: http://testing-ground.scraping.pro/js/vendor/jquery-1.9.1.min.js, line 2: Using //@ to indicate sourceMappingURL pragmas is deprecated. Use //# instead
JavaScript warning: http://testing-ground.scraping.pro/js/vendor/jquery-1.9.1.min.js, line 2: Using //@ to indicate sourceMappingURL pragmas is deprecated. Use //# instead
1593630471631	Marionette	INFO	Stopped listening on port 41423
1593630472313	mozrunner::runner	INFO	Running command: "/usr/bin/firefox" "-marionette" "-headless" "-foreground" "-no-remote" "-profile" "/tmp/rust_mozprofileX6WBt4"
*** You are running in headless mode.
1593630475890	Marionette	INFO	Listening on port 43691
1593630475937	Marionette	WARN	TLS certificate errors will be ignored for this session
JavaScript error: resource://gre/modules/URIFixup.jsm, line 203: NS_ERROR_FAILURE: Should pass a non-null uri
JavaScript warning: http://testing-ground.scraping.pro/js/vendor/jquery-1.9.1.min.js, line 2: Using //@ to indicate sourceMappingURL pragmas is deprecated. Use //# instead
JavaScript warning: http://testing-ground.scraping.pro/js/vendor/jquery-1.9.1.min.js, line 2: Using //@ to indicate sourceMappingURL pragmas is deprecated. Use //# instead
1593630478030	Marionette	INFO	Stopped listening on port 43691
1593630479849	mozrunner::runner	INFO	Running command: "/usr/bin/firefox" "-marionette" "-headless" "-foreground" "-no-remote" "-profile" "/tmp/rust_mozprofileYC185d"
*** You are running in headless mode.
1593630483362	Marionette	INFO	Listening on port 39245
1593630483377	Marionette	WARN	TLS certificate errors will be ignored for this session
JavaScript error: resource://gre/modules/URIFixup.jsm, line 203: NS_ERROR_FAILURE: Should pass a non-null uri
JavaScript warning: http://testing-ground.scraping.pro/js/vendor/jquery-1.9.1.min.js, line 2: Using //@ to indicate sourceMappingURL pragmas is deprecated. Use //# instead
JavaScript warning: http://testing-ground.scraping.pro/js/vendor/jquery-1.9.1.min.js, line 2: Using //@ to indicate sourceMappingURL pragmas is deprecated. Use //# instead
1593630485527	Marionette	INFO	Stopped listening on port 39245
1593630511436	mozrunner::runner	INFO	Running command: "/usr/bin/firefox" "-marionette" "-headless" "-foreground" "-no-remote" "-profile" "/tmp/rust_mozprofileNn4Eb3"
*** You are running in headless mode.
1593630514815	Marionette	INFO	Listening on port 34305
1593630514861	Marionette	WARN	TLS certificate errors will be ignored for this session
JavaScript error: resource://gre/modules/URIFixup.jsm, line 203: NS_ERROR_FAILURE: Should pass a non-null uri
JavaScript warning: http://testing-ground.scraping.pro/js/vendor/jquery-1.9.1.min.js, line 2: Using //@ to indicate sourceMappingURL pragmas is deprecated. Use //# instead
JavaScript warning: http://testing-ground.scraping.pro/js/vendor/jquery-1.9.1.min.js, line 2: Using //@ to indicate sourceMappingURL pragmas is deprecated. Use //# instead
1593630517195	Marionette	INFO	Stopped listening on port 34305
1593630518900	mozrunner::runner	INFO	Running command: "/usr/bin/firefox" "-marionette" "-headless" "-foreground" "-no-remote" "-profile" "/tmp/rust_mozprofileCzMd3N"
*** You are running in headless mode.
1593630522375	Marionette	INFO	Listening on port 37129
1593630522420	Marionette	WARN	TLS certificate errors will be ignored for this session
JavaScript error: resource://gre/modules/URIFixup.jsm, line 203: NS_ERROR_FAILURE: Should pass a non-null uri
JavaScript warning: http://testing-ground.scraping.pro/js/vendor/jquery-1.9.1.min.js, line 2: Using //@ to indicate sourceMappingURL pragmas is deprecated. Use //# instead
JavaScript warning: http://testing-ground.scraping.pro/js/vendor/jquery-1.9.1.min.js, line 2: Using //@ to indicate sourceMappingURL pragmas is deprecated. Use //# instead
1593630524621	Marionette	INFO	Stopped listening on port 37129
1593630526357	mozrunner::runner	INFO	Running command: "/usr/bin/firefox" "-marionette" "-headless" "-foreground" "-no-remote" "-profile" "/tmp/rust_mozprofilexNuTAp"
*** You are running in headless mode.
1593630529483	Marionette	INFO	Listening on port 41793
1593630529580	Marionette	WARN	TLS certificate errors will be ignored for this session
JavaScript error: resource://gre/modules/URIFixup.jsm, line 203: NS_ERROR_FAILURE: Should pass a non-null uri
JavaScript warning: http://testing-ground.scraping.pro/js/vendor/jquery-1.9.1.min.js, line 2: Using //@ to indicate sourceMappingURL pragmas is deprecated. Use //# instead
JavaScript warning: http://testing-ground.scraping.pro/js/vendor/jquery-1.9.1.min.js, line 2: Using //@ to indicate sourceMappingURL pragmas is deprecated. Use //# instead
1593630531795	Marionette	INFO	Stopped listening on port 41793
1593630533514	mozrunner::runner	INFO	Running command: "/usr/bin/firefox" "-marionette" "-headless" "-foreground" "-no-remote" "-profile" "/tmp/rust_mozprofileoz1zSp"
*** You are running in headless mode.
1593630536512	Marionette	INFO	Listening on port 34937
1593630536545	Marionette	WARN	TLS certificate errors will be ignored for this session
JavaScript error: resource://gre/modules/URIFixup.jsm, line 203: NS_ERROR_FAILURE: Should pass a non-null uri
JavaScript warning: http://testing-ground.scraping.pro/js/vendor/jquery-1.9.1.min.js, line 2: Using //@ to indicate sourceMappingURL pragmas is deprecated. Use //# instead
JavaScript warning: http://testing-ground.scraping.pro/js/vendor/jquery-1.9.1.min.js, line 2: Using //@ to indicate sourceMappingURL pragmas is deprecated. Use //# instead
1593630538854	Marionette	INFO	Stopped listening on port 34937
1593631106897	mozrunner::runner	INFO	Running command: "/usr/bin/firefox" "-marionette" "-headless" "-foreground" "-no-remote" "-profile" "/tmp/rust_mozprofileDA7MPU"
*** You are running in headless mode.
1593631110307	Marionette	INFO	Listening on port 33415
1593631110323	Marionette	WARN	TLS certificate errors will be ignored for this session
JavaScript error: resource://gre/modules/URIFixup.jsm, line 203: NS_ERROR_FAILURE: Should pass a non-null uri
JavaScript warning: http://testing-ground.scraping.pro/js/vendor/jquery-1.9.1.min.js, line 2: Using //@ to indicate sourceMappingURL pragmas is deprecated. Use //# instead
JavaScript warning: http://testing-ground.scraping.pro/js/vendor/jquery-1.9.1.min.js, line 2: Using //@ to indicate sourceMappingURL pragmas is deprecated. Use //# instead
1593631113211	Marionette	INFO	Stopped listening on port 33415
1593631115106	mozrunner::runner	INFO	Running command: "/usr/bin/firefox" "-marionette" "-headless" "-foreground" "-no-remote" "-profile" "/tmp/rust_mozprofileEQdixw"
*** You are running in headless mode.
1593631118460	Marionette	INFO	Listening on port 43909
1593631118559	Marionette	WARN	TLS certificate errors will be ignored for this session
JavaScript error: resource://gre/modules/URIFixup.jsm, line 203: NS_ERROR_FAILURE: Should pass a non-null uri
JavaScript warning: http://testing-ground.scraping.pro/js/vendor/jquery-1.9.1.min.js, line 2: Using //@ to indicate sourceMappingURL pragmas is deprecated. Use //# instead
JavaScript warning: http://testing-ground.scraping.pro/js/vendor/jquery-1.9.1.min.js, line 2: Using //@ to indicate sourceMappingURL pragmas is deprecated. Use //# instead
1593631121150	Marionette	INFO	Stopped listening on port 43909
1593631122848	mozrunner::runner	INFO	Running command: "/usr/bin/firefox" "-marionette" "-headless" "-foreground" "-no-remote" "-profile" "/tmp/rust_mozprofile1Rskxw"
*** You are running in headless mode.
1593631126125	Marionette	INFO	Listening on port 45343
1593631126166	Marionette	WARN	TLS certificate errors will be ignored for this session
JavaScript error: resource://gre/modules/URIFixup.jsm, line 203: NS_ERROR_FAILURE: Should pass a non-null uri
JavaScript warning: http://testing-ground.scraping.pro/js/vendor/jquery-1.9.1.min.js, line 2: Using //@ to indicate sourceMappingURL pragmas is deprecated. Use //# instead
JavaScript warning: http://testing-ground.scraping.pro/js/vendor/jquery-1.9.1.min.js, line 2: Using //@ to indicate sourceMappingURL pragmas is deprecated. Use //# instead
1593631128896	Marionette	INFO	Stopped listening on port 45343
1593631130664	mozrunner::runner	INFO	Running command: "/usr/bin/firefox" "-marionette" "-headless" "-foreground" "-no-remote" "-profile" "/tmp/rust_mozprofileDkStUl"
*** You are running in headless mode.
1593631134015	Marionette	INFO	Listening on port 44609
1593631134088	Marionette	WARN	TLS certificate errors will be ignored for this session
JavaScript error: resource://gre/modules/URIFixup.jsm, line 203: NS_ERROR_FAILURE: Should pass a non-null uri
JavaScript warning: http://testing-ground.scraping.pro/js/vendor/jquery-1.9.1.min.js, line 2: Using //@ to indicate sourceMappingURL pragmas is deprecated. Use //# instead
JavaScript warning: http://testing-ground.scraping.pro/js/vendor/jquery-1.9.1.min.js, line 2: Using //@ to indicate sourceMappingURL pragmas is deprecated. Use //# instead
1593631136780	Marionette	INFO	Stopped listening on port 44609
1593631138578	mozrunner::runner	INFO	Running command: "/usr/bin/firefox" "-marionette" "-headless" "-foreground" "-no-remote" "-profile" "/tmp/rust_mozprofilebO0vFM"
*** You are running in headless mode.
1593631142077	Marionette	INFO	Listening on port 37815
1593631142116	Marionette	WARN	TLS certificate errors will be ignored for this session
JavaScript error: resource://gre/modules/URIFixup.jsm, line 203: NS_ERROR_FAILURE: Should pass a non-null uri
JavaScript warning: http://testing-ground.scraping.pro/js/vendor/jquery-1.9.1.min.js, line 2: Using //@ to indicate sourceMappingURL pragmas is deprecated. Use //# instead
JavaScript warning: http://testing-ground.scraping.pro/js/vendor/jquery-1.9.1.min.js, line 2: Using //@ to indicate sourceMappingURL pragmas is deprecated. Use //# instead
1593631144627	Marionette	INFO	Stopped listening on port 37815
1593632181059	mozrunner::runner	INFO	Running command: "/usr/bin/firefox" "-marionette" "-headless" "-foreground" "-no-remote" "-profile" "/tmp/rust_mozprofiled6pq7N"
*** You are running in headless mode.
1593632184891	Marionette	INFO	Listening on port 45119
1593632184987	Marionette	WARN	TLS certificate errors will be ignored for this session
JavaScript error: resource://gre/modules/URIFixup.jsm, line 203: NS_ERROR_FAILURE: Should pass a non-null uri
JavaScript warning: http://testing-ground.scraping.pro/js/vendor/jquery-1.9.1.min.js, line 2: Using //@ to indicate sourceMappingURL pragmas is deprecated. Use //# instead
JavaScript warning: http://testing-ground.scraping.pro/js/vendor/jquery-1.9.1.min.js, line 2: Using //@ to indicate sourceMappingURL pragmas is deprecated. Use //# instead
1593632187843	Marionette	INFO	Stopped listening on port 45119
1593632189510	mozrunner::runner	INFO	Running command: "/usr/bin/firefox" "-marionette" "-headless" "-foreground" "-no-remote" "-profile" "/tmp/rust_mozprofileZL1C6t"
*** You are running in headless mode.
1593632192621	Marionette	INFO	Listening on port 35139
1593632192647	Marionette	WARN	TLS certificate errors will be ignored for this session
JavaScript error: resource://gre/modules/URIFixup.jsm, line 203: NS_ERROR_FAILURE: Should pass a non-null uri
JavaScript warning: http://testing-ground.scraping.pro/js/vendor/jquery-1.9.1.min.js, line 2: Using //@ to indicate sourceMappingURL pragmas is deprecated. Use //# instead
JavaScript warning: http://testing-ground.scraping.pro/js/vendor/jquery-1.9.1.min.js, line 2: Using //@ to indicate sourceMappingURL pragmas is deprecated. Use //# instead
1593632195315	Marionette	INFO	Stopped listening on port 35139
1593632197102	mozrunner::runner	INFO	Running command: "/usr/bin/firefox" "-marionette" "-headless" "-foreground" "-no-remote" "-profile" "/tmp/rust_mozprofileP01JYh"
*** You are running in headless mode.
1593632200241	Marionette	INFO	Listening on port 44517
1593632200328	Marionette	WARN	TLS certificate errors will be ignored for this session
JavaScript error: resource://gre/modules/URIFixup.jsm, line 203: NS_ERROR_FAILURE: Should pass a non-null uri
JavaScript warning: http://testing-ground.scraping.pro/js/vendor/jquery-1.9.1.min.js, line 2: Using //@ to indicate sourceMappingURL pragmas is deprecated. Use //# instead
JavaScript warning: http://testing-ground.scraping.pro/js/vendor/jquery-1.9.1.min.js, line 2: Using //@ to indicate sourceMappingURL pragmas is deprecated. Use //# instead
1593632202843	Marionette	INFO	Stopped listening on port 44517
1593632203599	mozrunner::runner	INFO	Running command: "/usr/bin/firefox" "-marionette" "-headless" "-foreground" "-no-remote" "-profile" "/tmp/rust_mozprofileLXylY1"
*** You are running in headless mode.
1593632207564	Marionette	INFO	Listening on port 39043
1593632207629	Marionette	WARN	TLS certificate errors will be ignored for this session
JavaScript error: resource://gre/modules/URIFixup.jsm, line 203: NS_ERROR_FAILURE: Should pass a non-null uri
JavaScript warning: http://testing-ground.scraping.pro/js/vendor/jquery-1.9.1.min.js, line 2: Using //@ to indicate sourceMappingURL pragmas is deprecated. Use //# instead
JavaScript warning: http://testing-ground.scraping.pro/js/vendor/jquery-1.9.1.min.js, line 2: Using //@ to indicate sourceMappingURL pragmas is deprecated. Use //# instead
1593632210295	Marionette	INFO	Stopped listening on port 39043
1593632211946	mozrunner::runner	INFO	Running command: "/usr/bin/firefox" "-marionette" "-headless" "-foreground" "-no-remote" "-profile" "/tmp/rust_mozprofileaDJ017"
*** You are running in headless mode.
1593632215022	Marionette	INFO	Listening on port 33637
1593632215061	Marionette	WARN	TLS certificate errors will be ignored for this session
JavaScript error: resource://gre/modules/URIFixup.jsm, line 203: NS_ERROR_FAILURE: Should pass a non-null uri
JavaScript warning: http://testing-ground.scraping.pro/js/vendor/jquery-1.9.1.min.js, line 2: Using //@ to indicate sourceMappingURL pragmas is deprecated. Use //# instead
JavaScript warning: http://testing-ground.scraping.pro/js/vendor/jquery-1.9.1.min.js, line 2: Using //@ to indicate sourceMappingURL pragmas is deprecated. Use //# instead
1593632217527	Marionette	INFO	Stopped listening on port 33637
1593632415618	mozrunner::runner	INFO	Running command: "/usr/bin/firefox" "-marionette" "-headless" "-foreground" "-no-remote" "-profile" "/tmp/rust_mozprofilesOvMOR"
*** You are running in headless mode.
1593632419351	Marionette	INFO	Listening on port 37517
1593632419454	Marionette	WARN	TLS certificate errors will be ignored for this session
JavaScript error: resource://gre/modules/URIFixup.jsm, line 203: NS_ERROR_FAILURE: Should pass a non-null uri
JavaScript warning: http://testing-ground.scraping.pro/js/vendor/jquery-1.9.1.min.js, line 2: Using //@ to indicate sourceMappingURL pragmas is deprecated. Use //# instead
JavaScript warning: http://testing-ground.scraping.pro/js/vendor/jquery-1.9.1.min.js, line 2: Using //@ to indicate sourceMappingURL pragmas is deprecated. Use //# instead
1593632422208	Marionette	INFO	Stopped listening on port 37517
1593632424007	mozrunner::runner	INFO	Running command: "/usr/bin/firefox" "-marionette" "-headless" "-foreground" "-no-remote" "-profile" "/tmp/rust_mozprofileyzuHUl"
*** You are running in headless mode.
1593632625071	mozrunner::runner	INFO	Running command: "/usr/bin/firefox" "-marionette" "-headless" "-foreground" "-no-remote" "-profile" "/tmp/rust_mozprofile9r2q3k"
*** You are running in headless mode.
1593632628774	Marionette	INFO	Listening on port 43929
1593632628790	Marionette	WARN	TLS certificate errors will be ignored for this session
JavaScript error: resource://gre/modules/URIFixup.jsm, line 203: NS_ERROR_FAILURE: Should pass a non-null uri
JavaScript warning: http://testing-ground.scraping.pro/js/vendor/jquery-1.9.1.min.js, line 2: Using //@ to indicate sourceMappingURL pragmas is deprecated. Use //# instead
JavaScript warning: http://testing-ground.scraping.pro/js/vendor/jquery-1.9.1.min.js, line 2: Using //@ to indicate sourceMappingURL pragmas is deprecated. Use //# instead
1593632631998	Marionette	INFO	Stopped listening on port 43929
1593632633807	mozrunner::runner	INFO	Running command: "/usr/bin/firefox" "-marionette" "-headless" "-foreground" "-no-remote" "-profile" "/tmp/rust_mozprofilezMDmWF"
*** You are running in headless mode.
1593633187116	mozrunner::runner	INFO	Running command: "/usr/bin/firefox" "-marionette" "-headless" "-foreground" "-no-remote" "-profile" "/tmp/rust_mozprofiledvvC3d"
*** You are running in headless mode.
1593633190582	Marionette	INFO	Listening on port 39945
1593633190642	Marionette	WARN	TLS certificate errors will be ignored for this session
JavaScript error: resource://gre/modules/URIFixup.jsm, line 203: NS_ERROR_FAILURE: Should pass a non-null uri
JavaScript warning: http://testing-ground.scraping.pro/js/vendor/jquery-1.9.1.min.js, line 2: Using //@ to indicate sourceMappingURL pragmas is deprecated. Use //# instead
JavaScript warning: http://testing-ground.scraping.pro/js/vendor/jquery-1.9.1.min.js, line 2: Using //@ to indicate sourceMappingURL pragmas is deprecated. Use //# instead
1593633193771	Marionette	INFO	Stopped listening on port 39945
1593633196466	mozrunner::runner	INFO	Running command: "/usr/bin/firefox" "-marionette" "-headless" "-foreground" "-no-remote" "-profile" "/tmp/rust_mozprofile5at7OK"
*** You are running in headless mode.
[GFX1-]: Receive IPC close with reason=AbnormalShutdown
Exiting due to channel error.
[GFX1-]: Receive IPC close with reason=AbnormalShutdown
Exiting due to channel error.
1593633304138	mozrunner::runner	INFO	Running command: "/usr/bin/firefox" "-marionette" "-headless" "-foreground" "-no-remote" "-profile" "/tmp/rust_mozprofile7cl4Tz"
*** You are running in headless mode.
1593633307749	Marionette	INFO	Listening on port 44269
1593633307761	Marionette	WARN	TLS certificate errors will be ignored for this session
JavaScript error: resource://gre/modules/URIFixup.jsm, line 203: NS_ERROR_FAILURE: Should pass a non-null uri
JavaScript warning: http://testing-ground.scraping.pro/js/vendor/jquery-1.9.1.min.js, line 2: Using //@ to indicate sourceMappingURL pragmas is deprecated. Use //# instead
JavaScript warning: http://testing-ground.scraping.pro/js/vendor/jquery-1.9.1.min.js, line 2: Using //@ to indicate sourceMappingURL pragmas is deprecated. Use //# instead
1593633311005	Marionette	INFO	Stopped listening on port 44269
JavaScript error: https://jmeter.apache.org/download_jmeter.cgi, line 371: TypeError: as.getAttribute is not a function
1593704128755	Marionette	INFO	Stopped listening on port 42303
